2024-01-08 11:53:49,159 [Worker-0: Loading available Gradle versions] INFO  o.e.b.c.i.u.g.PublishedGradleVersions - Gradle version information cache is up-to-date. Trying to read.
2024-01-08 12:10:05,214 [Worker-7: Launching mavenrun-1b5868be-a826-4f5a-9926-4d0f915b3254] INFO  o.eclipse.m2e.core.internal.Bundles - getClasspathEntries(Bundle=org.eclipse.m2e.maven.runtime_3.8.701.20230209-1606 [346])
2024-01-08 12:10:05,223 [Worker-7: Launching mavenrun-1b5868be-a826-4f5a-9926-4d0f915b3254] INFO  o.eclipse.m2e.core.internal.Bundles - 	Entry: C:\soft\sts-4.18.1.RELEASE\plugins\org.eclipse.m2e.maven.runtime_3.8.701.20230209-1606
2024-01-08 12:10:05,224 [Worker-7: Launching mavenrun-1b5868be-a826-4f5a-9926-4d0f915b3254] INFO  o.eclipse.m2e.core.internal.Bundles - 	Entry: C:\soft\sts-4.18.1.RELEASE\plugins\org.eclipse.m2e.maven.runtime_3.8.701.20230209-1606\jars\aether-connector-okhttp-0.17.8.jar
2024-01-08 12:10:05,225 [Worker-7: Launching mavenrun-1b5868be-a826-4f5a-9926-4d0f915b3254] INFO  o.eclipse.m2e.core.internal.Bundles - 	Entry: C:\soft\sts-4.18.1.RELEASE\plugins\org.eclipse.m2e.maven.runtime_3.8.701.20230209-1606\jars\commons-lang3-3.8.1.jar
2024-01-08 12:10:05,225 [Worker-7: Launching mavenrun-1b5868be-a826-4f5a-9926-4d0f915b3254] INFO  o.eclipse.m2e.core.internal.Bundles - 	Entry: C:\soft\sts-4.18.1.RELEASE\plugins\org.eclipse.m2e.maven.runtime_3.8.701.20230209-1606\jars\guice-4.2.2-no_aop.jar
2024-01-08 12:10:05,225 [Worker-7: Launching mavenrun-1b5868be-a826-4f5a-9926-4d0f915b3254] INFO  o.eclipse.m2e.core.internal.Bundles - 	Entry: C:\soft\sts-4.18.1.RELEASE\plugins\org.eclipse.m2e.maven.runtime_3.8.701.20230209-1606\jars\jansi-2.4.0.jar
2024-01-08 12:10:05,225 [Worker-7: Launching mavenrun-1b5868be-a826-4f5a-9926-4d0f915b3254] INFO  o.eclipse.m2e.core.internal.Bundles - 	Entry: C:\soft\sts-4.18.1.RELEASE\plugins\org.eclipse.m2e.maven.runtime_3.8.701.20230209-1606\jars\maven-artifact-3.8.7.jar
2024-01-08 12:10:05,226 [Worker-7: Launching mavenrun-1b5868be-a826-4f5a-9926-4d0f915b3254] INFO  o.eclipse.m2e.core.internal.Bundles - 	Entry: C:\soft\sts-4.18.1.RELEASE\plugins\org.eclipse.m2e.maven.runtime_3.8.701.20230209-1606\jars\maven-builder-support-3.8.7.jar
2024-01-08 12:10:05,226 [Worker-7: Launching mavenrun-1b5868be-a826-4f5a-9926-4d0f915b3254] INFO  o.eclipse.m2e.core.internal.Bundles - 	Entry: C:\soft\sts-4.18.1.RELEASE\plugins\org.eclipse.m2e.maven.runtime_3.8.701.20230209-1606\jars\maven-compat-3.8.7.jar
2024-01-08 12:10:05,226 [Worker-7: Launching mavenrun-1b5868be-a826-4f5a-9926-4d0f915b3254] INFO  o.eclipse.m2e.core.internal.Bundles - 	Entry: C:\soft\sts-4.18.1.RELEASE\plugins\org.eclipse.m2e.maven.runtime_3.8.701.20230209-1606\jars\maven-core-3.8.7.jar
2024-01-08 12:10:05,227 [Worker-7: Launching mavenrun-1b5868be-a826-4f5a-9926-4d0f915b3254] INFO  o.eclipse.m2e.core.internal.Bundles - 	Entry: C:\soft\sts-4.18.1.RELEASE\plugins\org.eclipse.m2e.maven.runtime_3.8.701.20230209-1606\jars\maven-embedder-3.8.7.jar
2024-01-08 12:10:05,227 [Worker-7: Launching mavenrun-1b5868be-a826-4f5a-9926-4d0f915b3254] INFO  o.eclipse.m2e.core.internal.Bundles - 	Entry: C:\soft\sts-4.18.1.RELEASE\plugins\org.eclipse.m2e.maven.runtime_3.8.701.20230209-1606\jars\maven-model-3.8.7.jar
2024-01-08 12:10:05,227 [Worker-7: Launching mavenrun-1b5868be-a826-4f5a-9926-4d0f915b3254] INFO  o.eclipse.m2e.core.internal.Bundles - 	Entry: C:\soft\sts-4.18.1.RELEASE\plugins\org.eclipse.m2e.maven.runtime_3.8.701.20230209-1606\jars\maven-model-builder-3.8.7.jar
2024-01-08 12:10:05,227 [Worker-7: Launching mavenrun-1b5868be-a826-4f5a-9926-4d0f915b3254] INFO  o.eclipse.m2e.core.internal.Bundles - 	Entry: C:\soft\sts-4.18.1.RELEASE\plugins\org.eclipse.m2e.maven.runtime_3.8.701.20230209-1606\jars\maven-plugin-api-3.8.7.jar
2024-01-08 12:10:05,228 [Worker-7: Launching mavenrun-1b5868be-a826-4f5a-9926-4d0f915b3254] INFO  o.eclipse.m2e.core.internal.Bundles - 	Entry: C:\soft\sts-4.18.1.RELEASE\plugins\org.eclipse.m2e.maven.runtime_3.8.701.20230209-1606\jars\maven-repository-metadata-3.8.7.jar
2024-01-08 12:10:05,228 [Worker-7: Launching mavenrun-1b5868be-a826-4f5a-9926-4d0f915b3254] INFO  o.eclipse.m2e.core.internal.Bundles - 	Entry: C:\soft\sts-4.18.1.RELEASE\plugins\org.eclipse.m2e.maven.runtime_3.8.701.20230209-1606\jars\maven-resolver-api-1.6.3.jar
2024-01-08 12:10:05,228 [Worker-7: Launching mavenrun-1b5868be-a826-4f5a-9926-4d0f915b3254] INFO  o.eclipse.m2e.core.internal.Bundles - 	Entry: C:\soft\sts-4.18.1.RELEASE\plugins\org.eclipse.m2e.maven.runtime_3.8.701.20230209-1606\jars\maven-resolver-connector-basic-1.6.3.jar
2024-01-08 12:10:05,229 [Worker-7: Launching mavenrun-1b5868be-a826-4f5a-9926-4d0f915b3254] INFO  o.eclipse.m2e.core.internal.Bundles - 	Entry: C:\soft\sts-4.18.1.RELEASE\plugins\org.eclipse.m2e.maven.runtime_3.8.701.20230209-1606\jars\maven-resolver-impl-1.6.3.jar
2024-01-08 12:10:05,229 [Worker-7: Launching mavenrun-1b5868be-a826-4f5a-9926-4d0f915b3254] INFO  o.eclipse.m2e.core.internal.Bundles - 	Entry: C:\soft\sts-4.18.1.RELEASE\plugins\org.eclipse.m2e.maven.runtime_3.8.701.20230209-1606\jars\maven-resolver-provider-3.8.7.jar
2024-01-08 12:10:05,229 [Worker-7: Launching mavenrun-1b5868be-a826-4f5a-9926-4d0f915b3254] INFO  o.eclipse.m2e.core.internal.Bundles - 	Entry: C:\soft\sts-4.18.1.RELEASE\plugins\org.eclipse.m2e.maven.runtime_3.8.701.20230209-1606\jars\maven-resolver-spi-1.6.3.jar
2024-01-08 12:10:05,230 [Worker-7: Launching mavenrun-1b5868be-a826-4f5a-9926-4d0f915b3254] INFO  o.eclipse.m2e.core.internal.Bundles - 	Entry: C:\soft\sts-4.18.1.RELEASE\plugins\org.eclipse.m2e.maven.runtime_3.8.701.20230209-1606\jars\maven-resolver-transport-wagon-1.6.3.jar
2024-01-08 12:10:05,230 [Worker-7: Launching mavenrun-1b5868be-a826-4f5a-9926-4d0f915b3254] INFO  o.eclipse.m2e.core.internal.Bundles - 	Entry: C:\soft\sts-4.18.1.RELEASE\plugins\org.eclipse.m2e.maven.runtime_3.8.701.20230209-1606\jars\maven-resolver-util-1.6.3.jar
2024-01-08 12:10:05,230 [Worker-7: Launching mavenrun-1b5868be-a826-4f5a-9926-4d0f915b3254] INFO  o.eclipse.m2e.core.internal.Bundles - 	Entry: C:\soft\sts-4.18.1.RELEASE\plugins\org.eclipse.m2e.maven.runtime_3.8.701.20230209-1606\jars\maven-settings-3.8.7.jar
2024-01-08 12:10:05,231 [Worker-7: Launching mavenrun-1b5868be-a826-4f5a-9926-4d0f915b3254] INFO  o.eclipse.m2e.core.internal.Bundles - 	Entry: C:\soft\sts-4.18.1.RELEASE\plugins\org.eclipse.m2e.maven.runtime_3.8.701.20230209-1606\jars\maven-settings-builder-3.8.7.jar
2024-01-08 12:10:05,231 [Worker-7: Launching mavenrun-1b5868be-a826-4f5a-9926-4d0f915b3254] INFO  o.eclipse.m2e.core.internal.Bundles - 	Entry: C:\soft\sts-4.18.1.RELEASE\plugins\org.eclipse.m2e.maven.runtime_3.8.701.20230209-1606\jars\maven-shared-utils-3.3.4.jar
2024-01-08 12:10:05,231 [Worker-7: Launching mavenrun-1b5868be-a826-4f5a-9926-4d0f915b3254] INFO  o.eclipse.m2e.core.internal.Bundles - 	Entry: C:\soft\sts-4.18.1.RELEASE\plugins\org.eclipse.m2e.maven.runtime_3.8.701.20230209-1606\jars\okhttp-3.14.1.jar
2024-01-08 12:10:05,232 [Worker-7: Launching mavenrun-1b5868be-a826-4f5a-9926-4d0f915b3254] INFO  o.eclipse.m2e.core.internal.Bundles - 	Entry: C:\soft\sts-4.18.1.RELEASE\plugins\org.eclipse.m2e.maven.runtime_3.8.701.20230209-1606\jars\okio-1.17.3.jar
2024-01-08 12:10:05,232 [Worker-7: Launching mavenrun-1b5868be-a826-4f5a-9926-4d0f915b3254] INFO  o.eclipse.m2e.core.internal.Bundles - 	Entry: C:\soft\sts-4.18.1.RELEASE\plugins\org.eclipse.m2e.maven.runtime_3.8.701.20230209-1606\jars\org.eclipse.sisu.inject-0.3.5.jar
2024-01-08 12:10:05,232 [Worker-7: Launching mavenrun-1b5868be-a826-4f5a-9926-4d0f915b3254] INFO  o.eclipse.m2e.core.internal.Bundles - 	Entry: C:\soft\sts-4.18.1.RELEASE\plugins\org.eclipse.m2e.maven.runtime_3.8.701.20230209-1606\jars\org.eclipse.sisu.plexus-0.3.5.jar
2024-01-08 12:10:05,232 [Worker-7: Launching mavenrun-1b5868be-a826-4f5a-9926-4d0f915b3254] INFO  o.eclipse.m2e.core.internal.Bundles - 	Entry: C:\soft\sts-4.18.1.RELEASE\plugins\org.eclipse.m2e.maven.runtime_3.8.701.20230209-1606\jars\plexus-build-api-0.0.7.jar
2024-01-08 12:10:05,233 [Worker-7: Launching mavenrun-1b5868be-a826-4f5a-9926-4d0f915b3254] INFO  o.eclipse.m2e.core.internal.Bundles - 	Entry: C:\soft\sts-4.18.1.RELEASE\plugins\org.eclipse.m2e.maven.runtime_3.8.701.20230209-1606\jars\plexus-cipher-2.0.jar
2024-01-08 12:10:05,233 [Worker-7: Launching mavenrun-1b5868be-a826-4f5a-9926-4d0f915b3254] INFO  o.eclipse.m2e.core.internal.Bundles - 	Entry: C:\soft\sts-4.18.1.RELEASE\plugins\org.eclipse.m2e.maven.runtime_3.8.701.20230209-1606\jars\plexus-classworlds-2.6.0.jar
2024-01-08 12:10:05,233 [Worker-7: Launching mavenrun-1b5868be-a826-4f5a-9926-4d0f915b3254] INFO  o.eclipse.m2e.core.internal.Bundles - 	Entry: C:\soft\sts-4.18.1.RELEASE\plugins\org.eclipse.m2e.maven.runtime_3.8.701.20230209-1606\jars\plexus-component-annotations-2.1.0.jar
2024-01-08 12:10:05,233 [Worker-7: Launching mavenrun-1b5868be-a826-4f5a-9926-4d0f915b3254] INFO  o.eclipse.m2e.core.internal.Bundles - 	Entry: C:\soft\sts-4.18.1.RELEASE\plugins\org.eclipse.m2e.maven.runtime_3.8.701.20230209-1606\jars\plexus-interpolation-1.26.jar
2024-01-08 12:10:05,233 [Worker-7: Launching mavenrun-1b5868be-a826-4f5a-9926-4d0f915b3254] INFO  o.eclipse.m2e.core.internal.Bundles - 	Entry: C:\soft\sts-4.18.1.RELEASE\plugins\org.eclipse.m2e.maven.runtime_3.8.701.20230209-1606\jars\plexus-sec-dispatcher-2.0.jar
2024-01-08 12:10:05,235 [Worker-7: Launching mavenrun-1b5868be-a826-4f5a-9926-4d0f915b3254] INFO  o.eclipse.m2e.core.internal.Bundles - 	Entry: C:\soft\sts-4.18.1.RELEASE\plugins\org.eclipse.m2e.maven.runtime_3.8.701.20230209-1606\jars\plexus-utils-3.3.1.jar
2024-01-08 12:10:05,235 [Worker-7: Launching mavenrun-1b5868be-a826-4f5a-9926-4d0f915b3254] INFO  o.eclipse.m2e.core.internal.Bundles - 	Entry: C:\soft\sts-4.18.1.RELEASE\plugins\org.eclipse.m2e.maven.runtime_3.8.701.20230209-1606\jars\wagon-file-3.5.3.jar
2024-01-08 12:10:05,235 [Worker-7: Launching mavenrun-1b5868be-a826-4f5a-9926-4d0f915b3254] INFO  o.eclipse.m2e.core.internal.Bundles - 	Entry: C:\soft\sts-4.18.1.RELEASE\plugins\org.eclipse.m2e.maven.runtime_3.8.701.20230209-1606\jars\wagon-provider-api-3.5.3.jar
2024-01-08 12:10:05,238 [Worker-7: Launching mavenrun-1b5868be-a826-4f5a-9926-4d0f915b3254] INFO  o.eclipse.m2e.core.internal.Bundles - getClasspathEntries(Bundle=com.google.guava_31.1.0.jre [23])
2024-01-08 12:10:05,240 [Worker-7: Launching mavenrun-1b5868be-a826-4f5a-9926-4d0f915b3254] INFO  o.eclipse.m2e.core.internal.Bundles - 	Entry: C:\soft\sts-4.18.1.RELEASE\plugins\com.google.guava_31.1.0.jre.jar
2024-01-08 12:10:05,240 [Worker-7: Launching mavenrun-1b5868be-a826-4f5a-9926-4d0f915b3254] INFO  o.eclipse.m2e.core.internal.Bundles - getClasspathEntries(Bundle=slf4j.api_1.7.36 [580])
2024-01-08 12:10:05,243 [Worker-7: Launching mavenrun-1b5868be-a826-4f5a-9926-4d0f915b3254] INFO  o.eclipse.m2e.core.internal.Bundles - 	Entry: C:\soft\sts-4.18.1.RELEASE\plugins\slf4j.api_1.7.36.jar
2024-01-08 12:10:05,243 [Worker-7: Launching mavenrun-1b5868be-a826-4f5a-9926-4d0f915b3254] INFO  o.eclipse.m2e.core.internal.Bundles - getClasspathEntries(Bundle=javax.inject_1.0.0.v20220405-0441 [50])
2024-01-08 12:10:05,246 [Worker-7: Launching mavenrun-1b5868be-a826-4f5a-9926-4d0f915b3254] INFO  o.eclipse.m2e.core.internal.Bundles - 	Entry: C:\soft\sts-4.18.1.RELEASE\plugins\javax.inject_1.0.0.v20220405-0441.jar
2024-01-08 12:10:05,247 [Worker-7: Launching mavenrun-1b5868be-a826-4f5a-9926-4d0f915b3254] INFO  o.eclipse.m2e.core.internal.Bundles - getClasspathEntries(Bundle=javax.annotation_1.3.5.v20221203-1659 [48])
2024-01-08 12:10:05,249 [Worker-7: Launching mavenrun-1b5868be-a826-4f5a-9926-4d0f915b3254] INFO  o.eclipse.m2e.core.internal.Bundles - 	Entry: C:\soft\sts-4.18.1.RELEASE\plugins\javax.annotation_1.3.5.v20221203-1659.jar
2024-01-08 12:10:05,249 [Worker-7: Launching mavenrun-1b5868be-a826-4f5a-9926-4d0f915b3254] INFO  o.eclipse.m2e.core.internal.Bundles - getClasspathEntries(Bundle=org.apache.commons.cli_1.4.0.v20221112-0806 [73])
2024-01-08 12:10:05,252 [Worker-7: Launching mavenrun-1b5868be-a826-4f5a-9926-4d0f915b3254] INFO  o.eclipse.m2e.core.internal.Bundles - 	Entry: C:\soft\sts-4.18.1.RELEASE\plugins\org.apache.commons.cli_1.4.0.v20221112-0806.jar
2024-01-08 12:10:05,252 [Worker-7: Launching mavenrun-1b5868be-a826-4f5a-9926-4d0f915b3254] INFO  o.eclipse.m2e.core.internal.Bundles - getClasspathEntries(Bundle=com.google.guava.failureaccess_1.0.1 [25])
2024-01-08 12:10:05,254 [Worker-7: Launching mavenrun-1b5868be-a826-4f5a-9926-4d0f915b3254] INFO  o.eclipse.m2e.core.internal.Bundles - 	Entry: C:\soft\sts-4.18.1.RELEASE\plugins\com.google.guava.failureaccess_1.0.1.jar
2024-01-08 12:10:05,270 [Worker-7: Launching mavenrun-1b5868be-a826-4f5a-9926-4d0f915b3254] INFO  o.e.m.i.launch.MavenLaunchDelegate - Run build in "C:\Users\sr43993\AppData\Local\Temp\m2e-archetypeGenerator9173253192616401528":
2024-01-08 12:10:05,278 [Worker-7: Launching mavenrun-1b5868be-a826-4f5a-9926-4d0f915b3254] INFO  o.e.m.i.launch.MavenLaunchDelegate -  mvn  -DarchetypeGroupId=org.apache.maven.archetypes -DarchetypeArtifactId=maven-archetype-quickstart -DarchetypeVersion=1.1 -DgroupId=com.zensar -DartifactId=spring-core-application -Dversion=0.0.1-SNAPSHOT -Dpackage=com.zensar.spring_core -DoutputDirectory=D:\ASPoolTraining -Dstyle.color=always -U archetype:generate
2024-01-08 12:10:26,041 [Worker-2: Creating maven-archetype-quickstart] INFO  o.e.m.c.i.p.ProjectConfigurationManager - Collecting project info '/pom.xml' D:\ASPoolTraining\spring-core-application\pom.xml
2024-01-08 12:10:27,595 [Worker-2: Creating maven-archetype-quickstart] INFO  o.e.m.c.i.l.LifecycleMappingFactory - Using org.eclipse.m2e.jdt.JarLifecycleMapping lifecycle mapping for MavenProject: com.zensar:spring-core-application:0.0.1-SNAPSHOT @ D:\ASPoolTraining\spring-core-application\pom.xml.
2024-01-08 12:10:28,682 [Worker-2: Creating maven-archetype-quickstart] INFO  o.e.m.j.i.AbstractJavaProjectConfigurator - Adding source folder /spring-core-application/src/main/java
2024-01-08 12:10:28,695 [Worker-2: Creating maven-archetype-quickstart] INFO  o.e.m.j.i.AbstractJavaProjectConfigurator - Adding source folder /spring-core-application/src/test/java
2024-01-08 12:10:29,039 [Worker-2: Creating maven-archetype-quickstart] INFO  o.e.m.c.i.p.ProjectConfigurationManager - Imported and configured 1 project(s) in 2 sec
2024-01-08 12:10:31,766 [Worker-16: Building] INFO  o.e.m.c.i.embedder.EclipseLogger - Using 'UTF-8' encoding to copy filtered resources.
2024-01-08 12:10:31,766 [Worker-16: Building] INFO  o.e.m.c.i.embedder.EclipseLogger - skip non existing resourceDirectory D:\ASPoolTraining\spring-core-application\src\main\resources
2024-01-08 12:10:31,775 [Worker-16: Building] INFO  o.e.m.c.i.embedder.EclipseLogger - Using 'UTF-8' encoding to copy filtered resources.
2024-01-08 12:10:31,777 [Worker-16: Building] INFO  o.e.m.c.i.embedder.EclipseLogger - skip non existing resourceDirectory D:\ASPoolTraining\spring-core-application\src\test\resources
2024-01-08 12:23:34,245 [Worker-21: Building] INFO  o.e.m.c.i.embedder.EclipseLogger - Using 'UTF-8' encoding to copy filtered resources.
2024-01-08 12:23:34,245 [Worker-21: Building] INFO  o.e.m.c.i.embedder.EclipseLogger - skip non existing resourceDirectory D:\ASPoolTraining\spring-core-application\src\main\resources
2024-01-08 12:23:34,249 [Worker-21: Building] INFO  o.e.m.c.i.embedder.EclipseLogger - Using 'UTF-8' encoding to copy filtered resources.
2024-01-08 12:23:34,249 [Worker-21: Building] INFO  o.e.m.c.i.embedder.EclipseLogger - skip non existing resourceDirectory D:\ASPoolTraining\spring-core-application\src\test\resources
2024-01-08 14:10:16,416 [Worker-26: Building] INFO  o.e.m.c.i.embedder.EclipseLogger - Using 'UTF-8' encoding to copy filtered resources.
2024-01-08 14:10:16,418 [Worker-26: Building] INFO  o.e.m.c.i.embedder.EclipseLogger - skip non existing resourceDirectory D:\ASPoolTraining\spring-core-application\src\main\resources
2024-01-08 14:10:16,425 [Worker-26: Building] INFO  o.e.m.c.i.embedder.EclipseLogger - Using 'UTF-8' encoding to copy filtered resources.
2024-01-08 14:10:16,425 [Worker-26: Building] INFO  o.e.m.c.i.embedder.EclipseLogger - skip non existing resourceDirectory D:\ASPoolTraining\spring-core-application\src\test\resources
2024-01-08 14:11:56,705 [Worker-28: Building] INFO  o.e.m.c.i.embedder.EclipseLogger - Using 'UTF-8' encoding to copy filtered resources.
2024-01-08 14:11:56,705 [Worker-28: Building] INFO  o.e.m.c.i.embedder.EclipseLogger - skip non existing resourceDirectory D:\ASPoolTraining\spring-core-application\src\main\resources
2024-01-08 14:11:56,708 [Worker-28: Building] INFO  o.e.m.c.i.embedder.EclipseLogger - Using 'UTF-8' encoding to copy filtered resources.
2024-01-08 14:11:56,709 [Worker-28: Building] INFO  o.e.m.c.i.embedder.EclipseLogger - skip non existing resourceDirectory D:\ASPoolTraining\spring-core-application\src\test\resources
2024-01-08 14:13:35,100 [Worker-30: Building] INFO  o.e.m.c.i.embedder.EclipseLogger - Using 'UTF-8' encoding to copy filtered resources.
2024-01-08 14:13:35,101 [Worker-30: Building] INFO  o.e.m.c.i.embedder.EclipseLogger - skip non existing resourceDirectory D:\ASPoolTraining\spring-core-application\src\main\resources
2024-01-08 14:13:35,102 [Worker-30: Building] INFO  o.e.m.c.i.embedder.EclipseLogger - Using 'UTF-8' encoding to copy filtered resources.
2024-01-08 14:13:35,102 [Worker-30: Building] INFO  o.e.m.c.i.embedder.EclipseLogger - skip non existing resourceDirectory D:\ASPoolTraining\spring-core-application\src\test\resources
2024-01-08 14:14:13,579 [Worker-33: Building] INFO  o.e.m.c.i.embedder.EclipseLogger - Using 'UTF-8' encoding to copy filtered resources.
2024-01-08 14:14:13,579 [Worker-33: Building] INFO  o.e.m.c.i.embedder.EclipseLogger - skip non existing resourceDirectory D:\ASPoolTraining\spring-core-application\src\main\resources
2024-01-08 14:14:13,581 [Worker-33: Building] INFO  o.e.m.c.i.embedder.EclipseLogger - Using 'UTF-8' encoding to copy filtered resources.
2024-01-08 14:14:13,582 [Worker-33: Building] INFO  o.e.m.c.i.embedder.EclipseLogger - skip non existing resourceDirectory D:\ASPoolTraining\spring-core-application\src\test\resources
2024-01-08 14:16:10,370 [Worker-26: Building] INFO  o.e.m.c.i.embedder.EclipseLogger - Using 'UTF-8' encoding to copy filtered resources.
2024-01-08 14:16:10,370 [Worker-26: Building] INFO  o.e.m.c.i.embedder.EclipseLogger - skip non existing resourceDirectory D:\ASPoolTraining\spring-core-application\src\main\resources
2024-01-08 14:16:10,373 [Worker-26: Building] INFO  o.e.m.c.i.embedder.EclipseLogger - Using 'UTF-8' encoding to copy filtered resources.
2024-01-08 14:16:10,373 [Worker-26: Building] INFO  o.e.m.c.i.embedder.EclipseLogger - skip non existing resourceDirectory D:\ASPoolTraining\spring-core-application\src\test\resources
2024-01-08 14:32:19,558 [Worker-36: Building] INFO  o.e.m.c.i.l.LifecycleMappingFactory - Using org.eclipse.m2e.jdt.JarLifecycleMapping lifecycle mapping for MavenProject: com.zensar:spring-core-application:0.0.1-SNAPSHOT @ D:\ASPoolTraining\spring-core-application\pom.xml.
2024-01-08 14:32:19,977 [Worker-36: Building] INFO  o.e.m.c.i.embedder.EclipseLogger - Using 'UTF-8' encoding to copy filtered resources.
2024-01-08 14:32:19,977 [Worker-36: Building] INFO  o.e.m.c.i.embedder.EclipseLogger - skip non existing resourceDirectory D:\ASPoolTraining\spring-core-application\src\main\resources
2024-01-08 14:32:19,983 [Worker-36: Building] INFO  o.e.m.c.i.embedder.EclipseLogger - Using 'UTF-8' encoding to copy filtered resources.
2024-01-08 14:32:19,983 [Worker-36: Building] INFO  o.e.m.c.i.embedder.EclipseLogger - skip non existing resourceDirectory D:\ASPoolTraining\spring-core-application\src\test\resources
2024-01-08 14:32:20,779 [Worker-40: Download sources and javadoc] INFO  o.e.m.c.i.e.AbstractTransferListenerAdapter - Downloading https://repo.maven.apache.org/maven2/org/springframework/spring-context/6.1.2/spring-context-6.1.2-sources.jar
2024-01-08 14:32:21,078 [Worker-40: Download sources and javadoc] INFO  o.e.m.c.i.e.AbstractTransferListenerAdapter - Downloaded https://repo.maven.apache.org/maven2/org/springframework/spring-context/6.1.2/spring-context-6.1.2-sources.jar
2024-01-08 14:32:21,090 [Worker-40: Download sources and javadoc] INFO  o.e.m.j.internal.DownloadSourcesJob - Downloaded sources for org.springframework:spring-context:6.1.2
2024-01-08 14:32:21,160 [Worker-40: Download sources and javadoc] INFO  o.e.m.c.i.e.AbstractTransferListenerAdapter - Downloading https://repo.maven.apache.org/maven2/org/springframework/spring-aop/6.1.2/spring-aop-6.1.2-sources.jar
2024-01-08 14:32:21,236 [Worker-40: Download sources and javadoc] INFO  o.e.m.c.i.e.AbstractTransferListenerAdapter - Downloaded https://repo.maven.apache.org/maven2/org/springframework/spring-aop/6.1.2/spring-aop-6.1.2-sources.jar
2024-01-08 14:32:21,245 [Worker-40: Download sources and javadoc] INFO  o.e.m.j.internal.DownloadSourcesJob - Downloaded sources for org.springframework:spring-aop:6.1.2
2024-01-08 14:32:21,296 [Worker-40: Download sources and javadoc] INFO  o.e.m.c.i.e.AbstractTransferListenerAdapter - Downloading https://repo.maven.apache.org/maven2/org/springframework/spring-beans/6.1.2/spring-beans-6.1.2-sources.jar
2024-01-08 14:32:21,407 [Worker-40: Download sources and javadoc] INFO  o.e.m.c.i.e.AbstractTransferListenerAdapter - Downloaded https://repo.maven.apache.org/maven2/org/springframework/spring-beans/6.1.2/spring-beans-6.1.2-sources.jar
2024-01-08 14:32:21,418 [Worker-40: Download sources and javadoc] INFO  o.e.m.j.internal.DownloadSourcesJob - Downloaded sources for org.springframework:spring-beans:6.1.2
2024-01-08 14:32:21,485 [Worker-40: Download sources and javadoc] INFO  o.e.m.c.i.e.AbstractTransferListenerAdapter - Downloading https://repo.maven.apache.org/maven2/org/springframework/spring-core/6.1.2/spring-core-6.1.2-sources.jar
2024-01-08 14:32:21,776 [Worker-40: Download sources and javadoc] INFO  o.e.m.c.i.e.AbstractTransferListenerAdapter - Downloaded https://repo.maven.apache.org/maven2/org/springframework/spring-core/6.1.2/spring-core-6.1.2-sources.jar
2024-01-08 14:32:21,785 [Worker-40: Download sources and javadoc] INFO  o.e.m.j.internal.DownloadSourcesJob - Downloaded sources for org.springframework:spring-core:6.1.2
2024-01-08 14:32:21,852 [Worker-40: Download sources and javadoc] INFO  o.e.m.c.i.e.AbstractTransferListenerAdapter - Downloading https://repo.maven.apache.org/maven2/org/springframework/spring-jcl/6.1.2/spring-jcl-6.1.2-sources.jar
2024-01-08 14:32:21,883 [Worker-40: Download sources and javadoc] INFO  o.e.m.c.i.e.AbstractTransferListenerAdapter - Downloaded https://repo.maven.apache.org/maven2/org/springframework/spring-jcl/6.1.2/spring-jcl-6.1.2-sources.jar
2024-01-08 14:32:21,892 [Worker-40: Download sources and javadoc] INFO  o.e.m.j.internal.DownloadSourcesJob - Downloaded sources for org.springframework:spring-jcl:6.1.2
2024-01-08 14:32:21,935 [Worker-40: Download sources and javadoc] INFO  o.e.m.c.i.e.AbstractTransferListenerAdapter - Downloading https://repo.maven.apache.org/maven2/org/springframework/spring-expression/6.1.2/spring-expression-6.1.2-sources.jar
2024-01-08 14:32:21,976 [Worker-40: Download sources and javadoc] INFO  o.e.m.c.i.e.AbstractTransferListenerAdapter - Downloaded https://repo.maven.apache.org/maven2/org/springframework/spring-expression/6.1.2/spring-expression-6.1.2-sources.jar
2024-01-08 14:32:21,985 [Worker-40: Download sources and javadoc] INFO  o.e.m.j.internal.DownloadSourcesJob - Downloaded sources for org.springframework:spring-expression:6.1.2
2024-01-08 14:32:22,059 [Worker-40: Download sources and javadoc] INFO  o.e.m.c.i.e.AbstractTransferListenerAdapter - Downloading https://repo.maven.apache.org/maven2/io/micrometer/micrometer-observation/1.12.1/micrometer-observation-1.12.1-sources.jar
2024-01-08 14:32:22,099 [Worker-40: Download sources and javadoc] INFO  o.e.m.c.i.e.AbstractTransferListenerAdapter - Downloaded https://repo.maven.apache.org/maven2/io/micrometer/micrometer-observation/1.12.1/micrometer-observation-1.12.1-sources.jar
2024-01-08 14:32:22,106 [Worker-40: Download sources and javadoc] INFO  o.e.m.j.internal.DownloadSourcesJob - Downloaded sources for io.micrometer:micrometer-observation:1.12.1
2024-01-08 14:32:22,147 [Worker-40: Download sources and javadoc] INFO  o.e.m.c.i.e.AbstractTransferListenerAdapter - Downloading https://repo.maven.apache.org/maven2/io/micrometer/micrometer-commons/1.12.1/micrometer-commons-1.12.1-sources.jar
2024-01-08 14:32:22,173 [Worker-40: Download sources and javadoc] INFO  o.e.m.c.i.e.AbstractTransferListenerAdapter - Downloaded https://repo.maven.apache.org/maven2/io/micrometer/micrometer-commons/1.12.1/micrometer-commons-1.12.1-sources.jar
2024-01-08 14:32:22,182 [Worker-40: Download sources and javadoc] INFO  o.e.m.j.internal.DownloadSourcesJob - Downloaded sources for io.micrometer:micrometer-commons:1.12.1
2024-01-08 14:35:57,346 [Worker-43: Building] INFO  o.e.m.c.i.embedder.EclipseLogger - Using 'UTF-8' encoding to copy filtered resources.
2024-01-08 14:35:57,346 [Worker-43: Building] INFO  o.e.m.c.i.embedder.EclipseLogger - skip non existing resourceDirectory D:\ASPoolTraining\spring-core-application\src\main\resources
2024-01-08 14:35:57,348 [Worker-43: Building] INFO  o.e.m.c.i.embedder.EclipseLogger - Using 'UTF-8' encoding to copy filtered resources.
2024-01-08 14:35:57,348 [Worker-43: Building] INFO  o.e.m.c.i.embedder.EclipseLogger - skip non existing resourceDirectory D:\ASPoolTraining\spring-core-application\src\test\resources
2024-01-08 14:39:49,052 [Worker-45: Building] INFO  o.e.m.c.i.embedder.EclipseLogger - Using 'UTF-8' encoding to copy filtered resources.
2024-01-08 14:39:49,052 [Worker-45: Building] INFO  o.e.m.c.i.embedder.EclipseLogger - skip non existing resourceDirectory D:\ASPoolTraining\spring-core-application\src\main\resources
2024-01-08 14:39:49,055 [Worker-45: Building] INFO  o.e.m.c.i.embedder.EclipseLogger - Using 'UTF-8' encoding to copy filtered resources.
2024-01-08 14:39:49,055 [Worker-45: Building] INFO  o.e.m.c.i.embedder.EclipseLogger - skip non existing resourceDirectory D:\ASPoolTraining\spring-core-application\src\test\resources
2024-01-08 14:40:09,746 [Worker-46: Building] INFO  o.e.m.c.i.embedder.EclipseLogger - Using 'UTF-8' encoding to copy filtered resources.
2024-01-08 14:40:09,747 [Worker-46: Building] INFO  o.e.m.c.i.embedder.EclipseLogger - skip non existing resourceDirectory D:\ASPoolTraining\spring-core-application\src\main\resources
2024-01-08 14:40:09,750 [Worker-46: Building] INFO  o.e.m.c.i.embedder.EclipseLogger - Using 'UTF-8' encoding to copy filtered resources.
2024-01-08 14:40:09,750 [Worker-46: Building] INFO  o.e.m.c.i.embedder.EclipseLogger - skip non existing resourceDirectory D:\ASPoolTraining\spring-core-application\src\test\resources
2024-01-08 14:43:14,223 [Worker-44: Building] INFO  o.e.m.c.i.embedder.EclipseLogger - Using 'UTF-8' encoding to copy filtered resources.
2024-01-08 14:43:14,223 [Worker-44: Building] INFO  o.e.m.c.i.embedder.EclipseLogger - skip non existing resourceDirectory D:\ASPoolTraining\spring-core-application\src\main\resources
2024-01-08 14:43:14,227 [Worker-44: Building] INFO  o.e.m.c.i.embedder.EclipseLogger - Using 'UTF-8' encoding to copy filtered resources.
2024-01-08 14:43:14,227 [Worker-44: Building] INFO  o.e.m.c.i.embedder.EclipseLogger - skip non existing resourceDirectory D:\ASPoolTraining\spring-core-application\src\test\resources
2024-01-08 14:44:28,339 [Worker-46: Building] INFO  o.e.m.c.i.embedder.EclipseLogger - Using 'UTF-8' encoding to copy filtered resources.
2024-01-08 14:44:28,339 [Worker-46: Building] INFO  o.e.m.c.i.embedder.EclipseLogger - skip non existing resourceDirectory D:\ASPoolTraining\spring-core-application\src\main\resources
2024-01-08 14:44:28,343 [Worker-46: Building] INFO  o.e.m.c.i.embedder.EclipseLogger - Using 'UTF-8' encoding to copy filtered resources.
2024-01-08 14:44:28,343 [Worker-46: Building] INFO  o.e.m.c.i.embedder.EclipseLogger - skip non existing resourceDirectory D:\ASPoolTraining\spring-core-application\src\test\resources
2024-01-08 14:46:35,825 [Worker-48: Building] INFO  o.e.m.c.i.embedder.EclipseLogger - Using 'UTF-8' encoding to copy filtered resources.
2024-01-08 14:46:35,825 [Worker-48: Building] INFO  o.e.m.c.i.embedder.EclipseLogger - skip non existing resourceDirectory D:\ASPoolTraining\spring-core-application\src\main\resources
2024-01-08 14:46:35,827 [Worker-48: Building] INFO  o.e.m.c.i.embedder.EclipseLogger - Using 'UTF-8' encoding to copy filtered resources.
2024-01-08 14:46:35,827 [Worker-48: Building] INFO  o.e.m.c.i.embedder.EclipseLogger - skip non existing resourceDirectory D:\ASPoolTraining\spring-core-application\src\test\resources
2024-01-08 14:47:15,915 [Worker-47: Building] INFO  o.e.m.c.i.embedder.EclipseLogger - Using 'UTF-8' encoding to copy filtered resources.
2024-01-08 14:47:15,915 [Worker-47: Building] INFO  o.e.m.c.i.embedder.EclipseLogger - skip non existing resourceDirectory D:\ASPoolTraining\spring-core-application\src\main\resources
2024-01-08 14:47:15,919 [Worker-47: Building] INFO  o.e.m.c.i.embedder.EclipseLogger - Using 'UTF-8' encoding to copy filtered resources.
2024-01-08 14:47:15,920 [Worker-47: Building] INFO  o.e.m.c.i.embedder.EclipseLogger - skip non existing resourceDirectory D:\ASPoolTraining\spring-core-application\src\test\resources
2024-01-08 14:48:47,827 [Worker-44: Building] INFO  o.e.m.c.i.embedder.EclipseLogger - Using 'UTF-8' encoding to copy filtered resources.
2024-01-08 14:48:47,827 [Worker-44: Building] INFO  o.e.m.c.i.embedder.EclipseLogger - skip non existing resourceDirectory D:\ASPoolTraining\spring-core-application\src\main\resources
2024-01-08 14:48:47,830 [Worker-44: Building] INFO  o.e.m.c.i.embedder.EclipseLogger - Using 'UTF-8' encoding to copy filtered resources.
2024-01-08 14:48:47,830 [Worker-44: Building] INFO  o.e.m.c.i.embedder.EclipseLogger - skip non existing resourceDirectory D:\ASPoolTraining\spring-core-application\src\test\resources
2024-01-08 14:48:50,749 [Worker-44: Building] INFO  o.e.m.c.i.embedder.EclipseLogger - Using 'UTF-8' encoding to copy filtered resources.
2024-01-08 14:48:50,750 [Worker-44: Building] INFO  o.e.m.c.i.embedder.EclipseLogger - skip non existing resourceDirectory D:\ASPoolTraining\spring-core-application\src\main\resources
2024-01-08 14:48:50,753 [Worker-44: Building] INFO  o.e.m.c.i.embedder.EclipseLogger - Using 'UTF-8' encoding to copy filtered resources.
2024-01-08 14:48:50,753 [Worker-44: Building] INFO  o.e.m.c.i.embedder.EclipseLogger - skip non existing resourceDirectory D:\ASPoolTraining\spring-core-application\src\test\resources
2024-01-08 14:49:05,096 [Worker-44: Building] INFO  o.e.m.c.i.embedder.EclipseLogger - Using 'UTF-8' encoding to copy filtered resources.
2024-01-08 14:49:05,096 [Worker-44: Building] INFO  o.e.m.c.i.embedder.EclipseLogger - skip non existing resourceDirectory D:\ASPoolTraining\spring-core-application\src\main\resources
2024-01-08 14:49:05,099 [Worker-44: Building] INFO  o.e.m.c.i.embedder.EclipseLogger - Using 'UTF-8' encoding to copy filtered resources.
2024-01-08 14:49:05,099 [Worker-44: Building] INFO  o.e.m.c.i.embedder.EclipseLogger - skip non existing resourceDirectory D:\ASPoolTraining\spring-core-application\src\test\resources
2024-01-08 14:49:56,914 [Worker-44: Building] INFO  o.e.m.c.i.embedder.EclipseLogger - Using 'UTF-8' encoding to copy filtered resources.
2024-01-08 14:49:56,914 [Worker-44: Building] INFO  o.e.m.c.i.embedder.EclipseLogger - skip non existing resourceDirectory D:\ASPoolTraining\spring-core-application\src\main\resources
2024-01-08 14:49:56,917 [Worker-44: Building] INFO  o.e.m.c.i.embedder.EclipseLogger - Using 'UTF-8' encoding to copy filtered resources.
2024-01-08 14:49:56,917 [Worker-44: Building] INFO  o.e.m.c.i.embedder.EclipseLogger - skip non existing resourceDirectory D:\ASPoolTraining\spring-core-application\src\test\resources
2024-01-08 14:50:27,118 [Worker-44: Building] INFO  o.e.m.c.i.embedder.EclipseLogger - Using 'UTF-8' encoding to copy filtered resources.
2024-01-08 14:50:27,118 [Worker-44: Building] INFO  o.e.m.c.i.embedder.EclipseLogger - skip non existing resourceDirectory D:\ASPoolTraining\spring-core-application\src\main\resources
2024-01-08 14:50:27,120 [Worker-44: Building] INFO  o.e.m.c.i.embedder.EclipseLogger - Using 'UTF-8' encoding to copy filtered resources.
2024-01-08 14:50:27,120 [Worker-44: Building] INFO  o.e.m.c.i.embedder.EclipseLogger - skip non existing resourceDirectory D:\ASPoolTraining\spring-core-application\src\test\resources
2024-01-08 14:50:34,481 [Worker-47: Building] INFO  o.e.m.c.i.embedder.EclipseLogger - Using 'UTF-8' encoding to copy filtered resources.
2024-01-08 14:50:34,481 [Worker-47: Building] INFO  o.e.m.c.i.embedder.EclipseLogger - skip non existing resourceDirectory D:\ASPoolTraining\spring-core-application\src\main\resources
2024-01-08 14:50:34,484 [Worker-47: Building] INFO  o.e.m.c.i.embedder.EclipseLogger - Using 'UTF-8' encoding to copy filtered resources.
2024-01-08 14:50:34,485 [Worker-47: Building] INFO  o.e.m.c.i.embedder.EclipseLogger - skip non existing resourceDirectory D:\ASPoolTraining\spring-core-application\src\test\resources
2024-01-08 15:32:06,427 [Worker-51: Building] INFO  o.e.m.c.i.embedder.EclipseLogger - Using 'UTF-8' encoding to copy filtered resources.
2024-01-08 15:32:06,428 [Worker-51: Building] INFO  o.e.m.c.i.embedder.EclipseLogger - skip non existing resourceDirectory D:\ASPoolTraining\spring-core-application\src\main\resources
2024-01-08 15:32:06,431 [Worker-51: Building] INFO  o.e.m.c.i.embedder.EclipseLogger - Using 'UTF-8' encoding to copy filtered resources.
2024-01-08 15:32:06,431 [Worker-51: Building] INFO  o.e.m.c.i.embedder.EclipseLogger - skip non existing resourceDirectory D:\ASPoolTraining\spring-core-application\src\test\resources
2024-01-08 15:32:31,516 [Worker-50: Building] INFO  o.e.m.c.i.embedder.EclipseLogger - Using 'UTF-8' encoding to copy filtered resources.
2024-01-08 15:32:31,516 [Worker-50: Building] INFO  o.e.m.c.i.embedder.EclipseLogger - skip non existing resourceDirectory D:\ASPoolTraining\spring-core-application\src\main\resources
2024-01-08 15:32:31,519 [Worker-50: Building] INFO  o.e.m.c.i.embedder.EclipseLogger - Using 'UTF-8' encoding to copy filtered resources.
2024-01-08 15:32:31,519 [Worker-50: Building] INFO  o.e.m.c.i.embedder.EclipseLogger - skip non existing resourceDirectory D:\ASPoolTraining\spring-core-application\src\test\resources
2024-01-08 15:33:10,207 [Worker-44: Building] INFO  o.e.m.c.i.embedder.EclipseLogger - Using 'UTF-8' encoding to copy filtered resources.
2024-01-08 15:33:10,207 [Worker-44: Building] INFO  o.e.m.c.i.embedder.EclipseLogger - skip non existing resourceDirectory D:\ASPoolTraining\spring-core-application\src\main\resources
2024-01-08 15:33:10,209 [Worker-44: Building] INFO  o.e.m.c.i.embedder.EclipseLogger - Using 'UTF-8' encoding to copy filtered resources.
2024-01-08 15:33:10,210 [Worker-44: Building] INFO  o.e.m.c.i.embedder.EclipseLogger - skip non existing resourceDirectory D:\ASPoolTraining\spring-core-application\src\test\resources
2024-01-08 15:33:15,685 [Worker-51: Building] INFO  o.e.m.c.i.embedder.EclipseLogger - Using 'UTF-8' encoding to copy filtered resources.
2024-01-08 15:33:15,685 [Worker-51: Building] INFO  o.e.m.c.i.embedder.EclipseLogger - skip non existing resourceDirectory D:\ASPoolTraining\spring-core-application\src\main\resources
2024-01-08 15:33:15,687 [Worker-51: Building] INFO  o.e.m.c.i.embedder.EclipseLogger - Using 'UTF-8' encoding to copy filtered resources.
2024-01-08 15:33:15,688 [Worker-51: Building] INFO  o.e.m.c.i.embedder.EclipseLogger - skip non existing resourceDirectory D:\ASPoolTraining\spring-core-application\src\test\resources
2024-01-08 15:35:04,980 [Worker-44: Building] INFO  o.e.m.c.i.embedder.EclipseLogger - Using 'UTF-8' encoding to copy filtered resources.
2024-01-08 15:35:04,981 [Worker-44: Building] INFO  o.e.m.c.i.embedder.EclipseLogger - skip non existing resourceDirectory D:\ASPoolTraining\spring-core-application\src\main\resources
2024-01-08 15:35:04,983 [Worker-44: Building] INFO  o.e.m.c.i.embedder.EclipseLogger - Using 'UTF-8' encoding to copy filtered resources.
2024-01-08 15:35:04,983 [Worker-44: Building] INFO  o.e.m.c.i.embedder.EclipseLogger - skip non existing resourceDirectory D:\ASPoolTraining\spring-core-application\src\test\resources
2024-01-08 15:35:10,654 [Worker-52: Building] INFO  o.e.m.c.i.embedder.EclipseLogger - Using 'UTF-8' encoding to copy filtered resources.
2024-01-08 15:35:10,654 [Worker-52: Building] INFO  o.e.m.c.i.embedder.EclipseLogger - skip non existing resourceDirectory D:\ASPoolTraining\spring-core-application\src\main\resources
2024-01-08 15:35:10,656 [Worker-52: Building] INFO  o.e.m.c.i.embedder.EclipseLogger - Using 'UTF-8' encoding to copy filtered resources.
2024-01-08 15:35:10,656 [Worker-52: Building] INFO  o.e.m.c.i.embedder.EclipseLogger - skip non existing resourceDirectory D:\ASPoolTraining\spring-core-application\src\test\resources
2024-01-08 15:36:22,929 [Worker-46: Building] INFO  o.e.m.c.i.embedder.EclipseLogger - Using 'UTF-8' encoding to copy filtered resources.
2024-01-08 15:36:22,930 [Worker-46: Building] INFO  o.e.m.c.i.embedder.EclipseLogger - skip non existing resourceDirectory D:\ASPoolTraining\spring-core-application\src\main\resources
2024-01-08 15:36:22,932 [Worker-46: Building] INFO  o.e.m.c.i.embedder.EclipseLogger - Using 'UTF-8' encoding to copy filtered resources.
2024-01-08 15:36:22,933 [Worker-46: Building] INFO  o.e.m.c.i.embedder.EclipseLogger - skip non existing resourceDirectory D:\ASPoolTraining\spring-core-application\src\test\resources
2024-01-08 15:37:53,362 [Worker-44: Building] INFO  o.e.m.c.i.embedder.EclipseLogger - Using 'UTF-8' encoding to copy filtered resources.
2024-01-08 15:37:53,362 [Worker-44: Building] INFO  o.e.m.c.i.embedder.EclipseLogger - skip non existing resourceDirectory D:\ASPoolTraining\spring-core-application\src\main\resources
2024-01-08 15:37:53,364 [Worker-44: Building] INFO  o.e.m.c.i.embedder.EclipseLogger - Using 'UTF-8' encoding to copy filtered resources.
2024-01-08 15:37:53,364 [Worker-44: Building] INFO  o.e.m.c.i.embedder.EclipseLogger - skip non existing resourceDirectory D:\ASPoolTraining\spring-core-application\src\test\resources
2024-01-08 15:38:14,447 [Worker-51: Launching App] INFO  o.e.m.c.i.embedder.EclipseLogger - Using 'UTF-8' encoding to copy filtered resources.
2024-01-08 15:38:14,448 [Worker-51: Launching App] INFO  o.e.m.c.i.embedder.EclipseLogger - skip non existing resourceDirectory D:\ASPoolTraining\spring-core-application\src\main\resources
2024-01-08 15:38:14,455 [Worker-51: Launching App] INFO  o.e.m.c.i.embedder.EclipseLogger - Using 'UTF-8' encoding to copy filtered resources.
2024-01-08 15:38:14,455 [Worker-51: Launching App] INFO  o.e.m.c.i.embedder.EclipseLogger - skip non existing resourceDirectory D:\ASPoolTraining\spring-core-application\src\test\resources
2024-01-08 15:39:59,115 [Worker-46: Building] INFO  o.e.m.c.i.embedder.EclipseLogger - Using 'UTF-8' encoding to copy filtered resources.
2024-01-08 15:39:59,116 [Worker-46: Building] INFO  o.e.m.c.i.embedder.EclipseLogger - skip non existing resourceDirectory D:\ASPoolTraining\spring-core-application\src\main\resources
2024-01-08 15:39:59,117 [Worker-46: Building] INFO  o.e.m.c.i.embedder.EclipseLogger - Using 'UTF-8' encoding to copy filtered resources.
2024-01-08 15:39:59,117 [Worker-46: Building] INFO  o.e.m.c.i.embedder.EclipseLogger - skip non existing resourceDirectory D:\ASPoolTraining\spring-core-application\src\test\resources
2024-01-08 15:49:31,006 [Worker-50: Building] INFO  o.e.m.c.i.embedder.EclipseLogger - Using 'UTF-8' encoding to copy filtered resources.
2024-01-08 15:49:31,006 [Worker-50: Building] INFO  o.e.m.c.i.embedder.EclipseLogger - skip non existing resourceDirectory D:\ASPoolTraining\spring-core-application\src\main\resources
2024-01-08 15:49:31,009 [Worker-50: Building] INFO  o.e.m.c.i.embedder.EclipseLogger - Using 'UTF-8' encoding to copy filtered resources.
2024-01-08 15:49:31,009 [Worker-50: Building] INFO  o.e.m.c.i.embedder.EclipseLogger - skip non existing resourceDirectory D:\ASPoolTraining\spring-core-application\src\test\resources
2024-01-08 15:52:09,427 [Worker-55: Building] INFO  o.e.m.c.i.embedder.EclipseLogger - Using 'UTF-8' encoding to copy filtered resources.
2024-01-08 15:52:09,427 [Worker-55: Building] INFO  o.e.m.c.i.embedder.EclipseLogger - skip non existing resourceDirectory D:\ASPoolTraining\spring-core-application\src\main\resources
2024-01-08 15:52:09,430 [Worker-55: Building] INFO  o.e.m.c.i.embedder.EclipseLogger - Using 'UTF-8' encoding to copy filtered resources.
2024-01-08 15:52:09,430 [Worker-55: Building] INFO  o.e.m.c.i.embedder.EclipseLogger - skip non existing resourceDirectory D:\ASPoolTraining\spring-core-application\src\test\resources
2024-01-08 15:54:11,560 [Worker-56: Building] INFO  o.e.m.c.i.embedder.EclipseLogger - Using 'UTF-8' encoding to copy filtered resources.
2024-01-08 15:54:11,560 [Worker-56: Building] INFO  o.e.m.c.i.embedder.EclipseLogger - skip non existing resourceDirectory D:\ASPoolTraining\spring-core-application\src\main\resources
2024-01-08 15:54:11,562 [Worker-56: Building] INFO  o.e.m.c.i.embedder.EclipseLogger - Using 'UTF-8' encoding to copy filtered resources.
2024-01-08 15:54:11,562 [Worker-56: Building] INFO  o.e.m.c.i.embedder.EclipseLogger - skip non existing resourceDirectory D:\ASPoolTraining\spring-core-application\src\test\resources
2024-01-08 15:54:35,048 [Worker-54: Building] INFO  o.e.m.c.i.embedder.EclipseLogger - Using 'UTF-8' encoding to copy filtered resources.
2024-01-08 15:54:35,048 [Worker-54: Building] INFO  o.e.m.c.i.embedder.EclipseLogger - skip non existing resourceDirectory D:\ASPoolTraining\spring-core-application\src\main\resources
2024-01-08 15:54:35,050 [Worker-54: Building] INFO  o.e.m.c.i.embedder.EclipseLogger - Using 'UTF-8' encoding to copy filtered resources.
2024-01-08 15:54:35,050 [Worker-54: Building] INFO  o.e.m.c.i.embedder.EclipseLogger - skip non existing resourceDirectory D:\ASPoolTraining\spring-core-application\src\test\resources
2024-01-08 15:55:01,791 [Worker-58: Building] INFO  o.e.m.c.i.embedder.EclipseLogger - Using 'UTF-8' encoding to copy filtered resources.
2024-01-08 15:55:01,791 [Worker-58: Building] INFO  o.e.m.c.i.embedder.EclipseLogger - skip non existing resourceDirectory D:\ASPoolTraining\spring-core-application\src\main\resources
2024-01-08 15:55:01,792 [Worker-58: Building] INFO  o.e.m.c.i.embedder.EclipseLogger - Using 'UTF-8' encoding to copy filtered resources.
2024-01-08 15:55:01,792 [Worker-58: Building] INFO  o.e.m.c.i.embedder.EclipseLogger - skip non existing resourceDirectory D:\ASPoolTraining\spring-core-application\src\test\resources
2024-01-08 15:55:31,954 [Worker-55: Building] INFO  o.e.m.c.i.embedder.EclipseLogger - Using 'UTF-8' encoding to copy filtered resources.
2024-01-08 15:55:31,954 [Worker-55: Building] INFO  o.e.m.c.i.embedder.EclipseLogger - skip non existing resourceDirectory D:\ASPoolTraining\spring-core-application\src\main\resources
2024-01-08 15:55:31,955 [Worker-55: Building] INFO  o.e.m.c.i.embedder.EclipseLogger - Using 'UTF-8' encoding to copy filtered resources.
2024-01-08 15:55:31,956 [Worker-55: Building] INFO  o.e.m.c.i.embedder.EclipseLogger - skip non existing resourceDirectory D:\ASPoolTraining\spring-core-application\src\test\resources
2024-01-08 15:55:35,792 [Worker-56: Building] INFO  o.e.m.c.i.embedder.EclipseLogger - Using 'UTF-8' encoding to copy filtered resources.
2024-01-08 15:55:35,793 [Worker-56: Building] INFO  o.e.m.c.i.embedder.EclipseLogger - skip non existing resourceDirectory D:\ASPoolTraining\spring-core-application\src\main\resources
2024-01-08 15:55:35,794 [Worker-56: Building] INFO  o.e.m.c.i.embedder.EclipseLogger - Using 'UTF-8' encoding to copy filtered resources.
2024-01-08 15:55:35,794 [Worker-56: Building] INFO  o.e.m.c.i.embedder.EclipseLogger - skip non existing resourceDirectory D:\ASPoolTraining\spring-core-application\src\test\resources
2024-01-08 15:59:56,835 [Worker-54: Building] INFO  o.e.m.c.i.embedder.EclipseLogger - Using 'UTF-8' encoding to copy filtered resources.
2024-01-08 15:59:56,835 [Worker-54: Building] INFO  o.e.m.c.i.embedder.EclipseLogger - skip non existing resourceDirectory D:\ASPoolTraining\spring-core-application\src\main\resources
2024-01-08 15:59:56,837 [Worker-54: Building] INFO  o.e.m.c.i.embedder.EclipseLogger - Using 'UTF-8' encoding to copy filtered resources.
2024-01-08 15:59:56,837 [Worker-54: Building] INFO  o.e.m.c.i.embedder.EclipseLogger - skip non existing resourceDirectory D:\ASPoolTraining\spring-core-application\src\test\resources
2024-01-08 16:00:40,567 [Worker-58: Building] INFO  o.e.m.c.i.embedder.EclipseLogger - Using 'UTF-8' encoding to copy filtered resources.
2024-01-08 16:00:40,567 [Worker-58: Building] INFO  o.e.m.c.i.embedder.EclipseLogger - skip non existing resourceDirectory D:\ASPoolTraining\spring-core-application\src\main\resources
2024-01-08 16:00:40,569 [Worker-58: Building] INFO  o.e.m.c.i.embedder.EclipseLogger - Using 'UTF-8' encoding to copy filtered resources.
2024-01-08 16:00:40,570 [Worker-58: Building] INFO  o.e.m.c.i.embedder.EclipseLogger - skip non existing resourceDirectory D:\ASPoolTraining\spring-core-application\src\test\resources
2024-01-08 16:00:58,636 [Worker-54: Building] INFO  o.e.m.c.i.embedder.EclipseLogger - Using 'UTF-8' encoding to copy filtered resources.
2024-01-08 16:00:58,636 [Worker-54: Building] INFO  o.e.m.c.i.embedder.EclipseLogger - skip non existing resourceDirectory D:\ASPoolTraining\spring-core-application\src\main\resources
2024-01-08 16:00:58,639 [Worker-54: Building] INFO  o.e.m.c.i.embedder.EclipseLogger - Using 'UTF-8' encoding to copy filtered resources.
2024-01-08 16:00:58,640 [Worker-54: Building] INFO  o.e.m.c.i.embedder.EclipseLogger - skip non existing resourceDirectory D:\ASPoolTraining\spring-core-application\src\test\resources
2024-01-08 16:10:34,238 [Worker-60: Building] INFO  o.e.m.c.i.embedder.EclipseLogger - Using 'UTF-8' encoding to copy filtered resources.
2024-01-08 16:10:34,238 [Worker-60: Building] INFO  o.e.m.c.i.embedder.EclipseLogger - skip non existing resourceDirectory D:\ASPoolTraining\spring-core-application\src\main\resources
2024-01-08 16:10:34,240 [Worker-60: Building] INFO  o.e.m.c.i.embedder.EclipseLogger - Using 'UTF-8' encoding to copy filtered resources.
2024-01-08 16:10:34,241 [Worker-60: Building] INFO  o.e.m.c.i.embedder.EclipseLogger - skip non existing resourceDirectory D:\ASPoolTraining\spring-core-application\src\test\resources
2024-01-08 16:13:09,011 [Worker-60: Building] INFO  o.e.m.c.i.embedder.EclipseLogger - Using 'UTF-8' encoding to copy filtered resources.
2024-01-08 16:13:09,011 [Worker-60: Building] INFO  o.e.m.c.i.embedder.EclipseLogger - skip non existing resourceDirectory D:\ASPoolTraining\spring-core-application\src\main\resources
2024-01-08 16:13:09,013 [Worker-60: Building] INFO  o.e.m.c.i.embedder.EclipseLogger - Using 'UTF-8' encoding to copy filtered resources.
2024-01-08 16:13:09,013 [Worker-60: Building] INFO  o.e.m.c.i.embedder.EclipseLogger - skip non existing resourceDirectory D:\ASPoolTraining\spring-core-application\src\test\resources
2024-01-08 16:13:36,883 [Worker-60: Building] INFO  o.e.m.c.i.embedder.EclipseLogger - Using 'UTF-8' encoding to copy filtered resources.
2024-01-08 16:13:36,883 [Worker-60: Building] INFO  o.e.m.c.i.embedder.EclipseLogger - skip non existing resourceDirectory D:\ASPoolTraining\spring-core-application\src\main\resources
2024-01-08 16:13:36,884 [Worker-60: Building] INFO  o.e.m.c.i.embedder.EclipseLogger - Using 'UTF-8' encoding to copy filtered resources.
2024-01-08 16:13:36,884 [Worker-60: Building] INFO  o.e.m.c.i.embedder.EclipseLogger - skip non existing resourceDirectory D:\ASPoolTraining\spring-core-application\src\test\resources
2024-01-08 16:32:59,932 [Worker-60: Building] INFO  o.e.m.c.i.embedder.EclipseLogger - Using 'UTF-8' encoding to copy filtered resources.
2024-01-08 16:32:59,933 [Worker-60: Building] INFO  o.e.m.c.i.embedder.EclipseLogger - skip non existing resourceDirectory D:\ASPoolTraining\spring-core-application\src\main\resources
2024-01-08 16:32:59,935 [Worker-60: Building] INFO  o.e.m.c.i.embedder.EclipseLogger - Using 'UTF-8' encoding to copy filtered resources.
2024-01-08 16:32:59,935 [Worker-60: Building] INFO  o.e.m.c.i.embedder.EclipseLogger - skip non existing resourceDirectory D:\ASPoolTraining\spring-core-application\src\test\resources
2024-01-08 16:33:02,771 [Worker-67: Building] INFO  o.e.m.c.i.embedder.EclipseLogger - Using 'UTF-8' encoding to copy filtered resources.
2024-01-08 16:33:02,772 [Worker-67: Building] INFO  o.e.m.c.i.embedder.EclipseLogger - skip non existing resourceDirectory D:\ASPoolTraining\spring-core-application\src\main\resources
2024-01-08 16:33:02,773 [Worker-67: Building] INFO  o.e.m.c.i.embedder.EclipseLogger - Using 'UTF-8' encoding to copy filtered resources.
2024-01-08 16:33:02,773 [Worker-67: Building] INFO  o.e.m.c.i.embedder.EclipseLogger - skip non existing resourceDirectory D:\ASPoolTraining\spring-core-application\src\test\resources
